module/ti_oad/build/intermediates/manifest_merge_blame_file/release/manifest-merger-blame-release-report.txt
1<?xml version="1.0" encoding="utf-8"?>
2<manifest xmlns:android="http://schemas.android.com/apk/res/android"
3    package="com.ti.ti_oad" >
4
5    <uses-sdk android:minSdkVersion="21" />
5-->src\main\AndroidManifest.xml
6
7    <uses-permission android:name="android.permission.BLUETOOTH" />
7-->src\main\AndroidManifest.xml:4:5-68
7-->src\main\AndroidManifest.xml:4:22-65
8    <uses-permission android:name="android.permission.BLUETOOTH_ADMIN" />
8-->src\main\AndroidManifest.xml:5:5-74
8-->src\main\AndroidManifest.xml:5:22-71
9
10</manifest>